[debug] [2025-04-09T08:06:37.109Z] ----------------------------------------------------------------------
[debug] [2025-04-09T08:06:37.113Z] Command:       C:\Program Files\nodejs\node.exe C:\Users\23\AppData\Roaming\npm\node_modules\firebase-tools\lib\bin\firebase.js init hosting
[debug] [2025-04-09T08:06:37.114Z] CLI Version:   14.1.0
[debug] [2025-04-09T08:06:37.114Z] Platform:      win32
[debug] [2025-04-09T08:06:37.114Z] Node Version:  v22.14.0
[debug] [2025-04-09T08:06:37.114Z] Time:          Wed Apr 09 2025 11:06:37 GMT+0300 (التوقيت العربي الرسمي)
[debug] [2025-04-09T08:06:37.115Z] ----------------------------------------------------------------------
[debug] 
[debug] [2025-04-09T08:06:37.123Z] > command requires scopes: ["email","openid","https://www.googleapis.com/auth/cloudplatformprojects.readonly","https://www.googleapis.com/auth/firebase","https://www.googleapis.com/auth/cloud-platform"]
[debug] [2025-04-09T08:06:37.124Z] > authorizing via signed-in user (sajaadnanslim2@gmail.com)
[info] 
     ######## #### ########  ######## ########     ###     ######  ########
     ##        ##  ##     ## ##       ##     ##  ##   ##  ##       ##
     ######    ##  ########  ######   ########  #########  ######  ######
     ##        ##  ##    ##  ##       ##     ## ##     ##       ## ##
     ##       #### ##     ## ######## ########  ##     ##  ######  ########

You're about to initialize a Firebase project in this directory:

  C:\Users\23\Desktop\menuboard\مشروع جديد

[info] 
=== Project Setup
[info] 
[info] First, let's associate this project directory with a Firebase project.
[info] You can create multiple project aliases by running firebase use --add, 
[info] but for now we'll just set up a default project.
[info] 
[debug] [2025-04-09T08:08:58.336Z] Checked if tokens are valid: true, expires at: 1744189514044
[debug] [2025-04-09T08:08:58.337Z] Checked if tokens are valid: true, expires at: 1744189514044
[debug] [2025-04-09T08:08:58.339Z] >>> [apiv2][query] GET https://firebase.googleapis.com/v1beta1/projects pageSize=100
[debug] [2025-04-09T08:08:59.459Z] <<< [apiv2][status] GET https://firebase.googleapis.com/v1beta1/projects 200
[debug] [2025-04-09T08:08:59.460Z] <<< [apiv2][body] GET https://firebase.googleapis.com/v1beta1/projects [omitted]
[info] i  Using project app1-56158 (app1) 
[info] 
=== Hosting Setup
[debug] [2025-04-09T08:09:06.511Z] Checked if tokens are valid: true, expires at: 1744189514044
[debug] [2025-04-09T08:09:06.511Z] Checked if tokens are valid: true, expires at: 1744189514044
[debug] [2025-04-09T08:09:06.511Z] >>> [apiv2][query] GET https://firebase.googleapis.com/v1beta1/projects/app1-56158 [none]
[debug] [2025-04-09T08:09:07.355Z] <<< [apiv2][status] GET https://firebase.googleapis.com/v1beta1/projects/app1-56158 200
[debug] [2025-04-09T08:09:07.356Z] <<< [apiv2][body] GET https://firebase.googleapis.com/v1beta1/projects/app1-56158 {"projectId":"app1-56158","projectNumber":"1023389536242","displayName":"app1","name":"projects/app1-56158","resources":{"hostingSite":"app1-56158"},"state":"ACTIVE","etag":"1_af48ad27-7555-433f-a651-563cf8497f80"}
[info] 
[info] Your public directory is the folder (relative to your project directory) that
[info] will contain Hosting assets to be uploaded with firebase deploy. If you
[info] have a build process for your assets, use your build's output directory.
[info] 
[info] +  Wrote public/404.html 
[debug] [2025-04-09T08:17:09.630Z] >>> [apiv2][query] GET https://www.gstatic.com/firebasejs/releases.json [none]
[debug] [2025-04-09T08:17:21.687Z] *** [apiv2] error from fetch(https://www.gstatic.com/firebasejs/releases.json, {"headers":{},"method":"GET"}): FetchError: request to https://www.gstatic.com/firebasejs/releases.json failed, reason: getaddrinfo ENOTFOUND www.gstatic.com
[debug] [2025-04-09T08:17:26.721Z] Error: Timed out.
    at Timeout._onTimeout (C:\Users\23\AppData\Roaming\npm\node_modules\firebase-tools\lib\utils.js:269:49)
    at listOnTimeout (node:internal/timers:594:17)
    at process.processTimers (node:internal/timers:529:7)
[error] 
[error] Error: An unexpected error has occurred.
